<?xml version="1.0" encoding="UTF-8"?>
<!-- Generated by org.testng.reporters.JUnitReportReporter -->
<testsuite hostname="Koushik" failures="0" tests="1" name="test.TC001LoginTest" time="9.394" errors="0" timestamp="29 Apr 2021 10:20:28 GMT" skipped="0">
  <testcase classname="test.TC001LoginTest" name="login" time="9.394"/>
</testsuite> <!-- test.TC001LoginTest -->
